<?xml version="1.0" encoding="UTF-8"?>
<testng-results skipped="0" failed="0" ignored="0" total="1" passed="1">
  <reporter-output>
  </reporter-output>
  <suite name="Default suite" duration-ms="8530" started-at="2018-06-03T07:35:52Z" finished-at="2018-06-03T07:36:01Z">
    <groups>
      <group name="cucumber">
        <method signature="AbstractTestNGCucumberTests.feature(cucumber.api.testng.CucumberFeatureWrapper)[pri:0, instance:runner.RunCukesTest@192d3247]" name="feature" class="cucumber.api.testng.AbstractTestNGCucumberTests"/>
      </group> <!-- cucumber -->
    </groups>
    <test name="Default test" duration-ms="8530" started-at="2018-06-03T07:35:52Z" finished-at="2018-06-03T07:36:01Z">
      <class name="runner.RunCukesTest">
        <test-method status="PASS" signature="setUpClass()[pri:0, instance:runner.RunCukesTest@192d3247]" name="setUpClass" is-config="true" duration-ms="190" started-at="2018-06-03T07:35:52Z" finished-at="2018-06-03T07:35:53Z">
          <reporter-output>
          </reporter-output>
        </test-method> <!-- setUpClass -->
        <test-method status="PASS" signature="feature(cucumber.api.testng.CucumberFeatureWrapper)[pri:0, instance:runner.RunCukesTest@192d3247]" name="feature" duration-ms="8253" started-at="2018-06-03T07:35:53Z" description="Runs Cucumber Feature" data-provider="features" finished-at="2018-06-03T07:36:01Z">
          <params>
            <param index="0">
              <value>
                <![CDATA[Test various features of Mercury Tours Website.]]>
              </value>
            </param>
          </params>
          <reporter-output>
          </reporter-output>
        </test-method> <!-- feature -->
        <test-method status="PASS" signature="tearDownClass()[pri:0, instance:runner.RunCukesTest@192d3247]" name="tearDownClass" is-config="true" duration-ms="3" started-at="2018-06-03T07:36:01Z" finished-at="2018-06-03T07:36:01Z">
          <reporter-output>
          </reporter-output>
        </test-method> <!-- tearDownClass -->
      </class> <!-- runner.RunCukesTest -->
    </test> <!-- Default test -->
  </suite> <!-- Default suite -->
</testng-results>
